<?xml version="1.0" encoding="UTF-8"?>
<testng-results ignored="0" total="8" passed="8" failed="0" skipped="0">
  <reporter-output>
  </reporter-output>
  <suite started-at="2024-03-25T11:16:52 IST" name="Suite" finished-at="2024-03-25T11:17:30 IST" duration-ms="38378">
    <groups>
    </groups>
    <test started-at="2024-03-25T11:16:52 IST" name="Test" finished-at="2024-03-25T11:17:30 IST" duration-ms="38378">
      <class name="TestCase1.WindowHandling">
        <test-method is-config="true" signature="setUp()[pri:0, instance:TestCase1.WindowHandling@25d250c6]" started-at="2024-03-25T11:17:09 IST" name="setUp" finished-at="2024-03-25T11:17:12 IST" duration-ms="3059" status="PASS">
          <reporter-output>
          </reporter-output>
        </test-method> <!-- setUp -->
        <test-method signature="testHomePageLinks()[pri:0, instance:TestCase1.WindowHandling@25d250c6]" started-at="2024-03-25T11:17:12 IST" name="testHomePageLinks" finished-at="2024-03-25T11:17:13 IST" duration-ms="975" status="PASS">
          <reporter-output>
          </reporter-output>
        </test-method> <!-- testHomePageLinks -->
        <test-method is-config="true" signature="tearDown()[pri:0, instance:TestCase1.WindowHandling@25d250c6]" started-at="2024-03-25T11:17:13 IST" name="tearDown" finished-at="2024-03-25T11:17:13 IST" duration-ms="304" status="PASS">
          <reporter-output>
          </reporter-output>
        </test-method> <!-- tearDown -->
      </class> <!-- TestCase1.WindowHandling -->
      <class name="TestCase1.LoginPageTest">
        <test-method is-config="true" signature="setup()[pri:0, instance:TestCase1.LoginPageTest@18ce0030]" started-at="2024-03-25T11:16:52 IST" name="setup" finished-at="2024-03-25T11:16:54 IST" duration-ms="2618" status="PASS">
          <reporter-output>
          </reporter-output>
        </test-method> <!-- setup -->
        <test-method is-config="true" signature="navigateToLoginPage()[pri:0, instance:TestCase1.LoginPageTest@18ce0030]" started-at="2024-03-25T11:17:17 IST" name="navigateToLoginPage" finished-at="2024-03-25T11:17:18 IST" duration-ms="989" status="PASS">
          <reporter-output>
          </reporter-output>
        </test-method> <!-- navigateToLoginPage -->
        <test-method signature="testLogin(java.lang.String, java.lang.String)[pri:0, instance:TestCase1.LoginPageTest@18ce0030]" started-at="2024-03-25T11:17:18 IST" name="testLogin" data-provider="credentialsProvider" finished-at="2024-03-25T11:17:20 IST" duration-ms="1850" status="PASS">
          <params>
            <param index="0">
              <value>
                <![CDATA[Rushikesh]]>
              </value>
            </param>
            <param index="1">
              <value>
                <![CDATA[Test123]]>
              </value>
            </param>
          </params>
          <reporter-output>
          </reporter-output>
        </test-method> <!-- testLogin -->
        <test-method is-config="true" signature="navigateToLoginPage()[pri:0, instance:TestCase1.LoginPageTest@18ce0030]" started-at="2024-03-25T11:17:20 IST" name="navigateToLoginPage" finished-at="2024-03-25T11:17:20 IST" duration-ms="177" status="PASS">
          <reporter-output>
          </reporter-output>
        </test-method> <!-- navigateToLoginPage -->
        <test-method signature="testLogin(java.lang.String, java.lang.String)[pri:0, instance:TestCase1.LoginPageTest@18ce0030]" started-at="2024-03-25T11:17:20 IST" name="testLogin" data-provider="credentialsProvider" finished-at="2024-03-25T11:17:21 IST" duration-ms="669" status="PASS">
          <params>
            <param index="0">
              <value>
                <![CDATA[Training1]]>
              </value>
            </param>
            <param index="1">
              <value>
                <![CDATA[Test123]]>
              </value>
            </param>
          </params>
          <reporter-output>
          </reporter-output>
        </test-method> <!-- testLogin -->
        <test-method is-config="true" signature="tearDown()[pri:0, instance:TestCase1.LoginPageTest@18ce0030]" started-at="2024-03-25T11:17:30 IST" name="tearDown" finished-at="2024-03-25T11:17:30 IST" duration-ms="294" status="PASS">
          <reporter-output>
          </reporter-output>
        </test-method> <!-- tearDown -->
      </class> <!-- TestCase1.LoginPageTest -->
      <class name="TestCase1.RegistrationPageTest">
        <test-method is-config="true" signature="setUp()[pri:0, instance:TestCase1.RegistrationPageTest@45b9a632]" started-at="2024-03-25T11:17:01 IST" name="setUp" finished-at="2024-03-25T11:17:06 IST" duration-ms="4960" status="PASS">
          <reporter-output>
          </reporter-output>
        </test-method> <!-- setUp -->
        <test-method signature="testRegistration()[pri:0, instance:TestCase1.RegistrationPageTest@45b9a632]" started-at="2024-03-25T11:17:06 IST" name="testRegistration" finished-at="2024-03-25T11:17:08 IST" duration-ms="2713" status="PASS">
          <reporter-output>
          </reporter-output>
        </test-method> <!-- testRegistration -->
        <test-method is-config="true" signature="tearDown()[pri:0, instance:TestCase1.RegistrationPageTest@45b9a632]" started-at="2024-03-25T11:17:08 IST" name="tearDown" finished-at="2024-03-25T11:17:09 IST" duration-ms="301" status="PASS">
          <reporter-output>
          </reporter-output>
        </test-method> <!-- tearDown -->
      </class> <!-- TestCase1.RegistrationPageTest -->
      <class name="TestCase1.AlertHandling">
        <test-method is-config="true" signature="setUp()[pri:0, instance:TestCase1.AlertHandling@4445629]" started-at="2024-03-25T11:16:54 IST" name="setUp" finished-at="2024-03-25T11:16:57 IST" duration-ms="3107" status="PASS">
          <reporter-output>
          </reporter-output>
        </test-method> <!-- setUp -->
        <test-method signature="testHomePageLinks()[pri:0, instance:TestCase1.AlertHandling@4445629]" started-at="2024-03-25T11:16:57 IST" name="testHomePageLinks" finished-at="2024-03-25T11:17:01 IST" duration-ms="3158" status="PASS">
          <reporter-output>
          </reporter-output>
        </test-method> <!-- testHomePageLinks -->
        <test-method is-config="true" signature="tearDown()[pri:0, instance:TestCase1.AlertHandling@4445629]" started-at="2024-03-25T11:17:01 IST" name="tearDown" finished-at="2024-03-25T11:17:01 IST" duration-ms="269" status="PASS">
          <reporter-output>
          </reporter-output>
        </test-method> <!-- tearDown -->
      </class> <!-- TestCase1.AlertHandling -->
      <class name="TestCase1.ProductSearchTest">
        <test-method is-config="true" signature="setUp()[pri:0, instance:TestCase1.ProductSearchTest@4df50bcc]" started-at="2024-03-25T11:17:13 IST" name="setUp" finished-at="2024-03-25T11:17:16 IST" duration-ms="2957" status="PASS">
          <reporter-output>
          </reporter-output>
        </test-method> <!-- setUp -->
        <test-method signature="testProductSearch()[pri:0, instance:TestCase1.ProductSearchTest@4df50bcc]" started-at="2024-03-25T11:17:16 IST" name="testProductSearch" finished-at="2024-03-25T11:17:17 IST" duration-ms="716" status="PASS">
          <reporter-output>
          </reporter-output>
        </test-method> <!-- testProductSearch -->
        <test-method is-config="true" signature="tearDown()[pri:0, instance:TestCase1.ProductSearchTest@4df50bcc]" started-at="2024-03-25T11:17:17 IST" name="tearDown" finished-at="2024-03-25T11:17:17 IST" duration-ms="219" status="PASS">
          <reporter-output>
          </reporter-output>
        </test-method> <!-- tearDown -->
      </class> <!-- TestCase1.ProductSearchTest -->
      <class name="TestCase1.FrameHandling">
        <test-method is-config="true" signature="setUp()[pri:0, instance:TestCase1.FrameHandling@6b26e945]" started-at="2024-03-25T11:17:21 IST" name="setUp" finished-at="2024-03-25T11:17:24 IST" duration-ms="3212" status="PASS">
          <reporter-output>
          </reporter-output>
        </test-method> <!-- setUp -->
        <test-method signature="testHomePageLinks()[pri:0, instance:TestCase1.FrameHandling@6b26e945]" started-at="2024-03-25T11:17:24 IST" name="testHomePageLinks" finished-at="2024-03-25T11:17:25 IST" duration-ms="1032" status="PASS">
          <reporter-output>
          </reporter-output>
        </test-method> <!-- testHomePageLinks -->
        <test-method is-config="true" signature="tearDown()[pri:0, instance:TestCase1.FrameHandling@6b26e945]" started-at="2024-03-25T11:17:25 IST" name="tearDown" finished-at="2024-03-25T11:17:25 IST" duration-ms="220" status="PASS">
          <reporter-output>
          </reporter-output>
        </test-method> <!-- tearDown -->
      </class> <!-- TestCase1.FrameHandling -->
      <class name="TestCase1.HomePageLinkTest">
        <test-method is-config="true" signature="setUp()[pri:0, instance:TestCase1.HomePageLinkTest@63a65a25]" started-at="2024-03-25T11:17:25 IST" name="setUp" finished-at="2024-03-25T11:17:28 IST" duration-ms="2963" status="PASS">
          <reporter-output>
          </reporter-output>
        </test-method> <!-- setUp -->
        <test-method signature="testHomePageLinks()[pri:0, instance:TestCase1.HomePageLinkTest@63a65a25]" started-at="2024-03-25T11:17:28 IST" name="testHomePageLinks" finished-at="2024-03-25T11:17:29 IST" duration-ms="1226" status="PASS">
          <reporter-output>
          </reporter-output>
        </test-method> <!-- testHomePageLinks -->
        <test-method is-config="true" signature="tearDown()[pri:0, instance:TestCase1.HomePageLinkTest@63a65a25]" started-at="2024-03-25T11:17:29 IST" name="tearDown" finished-at="2024-03-25T11:17:30 IST" duration-ms="258" status="PASS">
          <reporter-output>
          </reporter-output>
        </test-method> <!-- tearDown -->
      </class> <!-- TestCase1.HomePageLinkTest -->
    </test> <!-- Test -->
  </suite> <!-- Suite -->
</testng-results>
