<?xml version="1.0" encoding="UTF-8"?>
<!-- Generated by org.testng.reporters.JUnitXMLReporter -->
<testsuite ignored="0" hostname="DESKTOP-5A7ANQT" failures="0" tests="8" name="Test" time="38.378" errors="0" timestamp="2024-03-25T11:17:30 IST">
  <testcase classname="TestCase1.AlertHandling" name="testHomePageLinks" time="3.158"/>
  <testcase classname="TestCase1.RegistrationPageTest" name="testRegistration" time="2.713"/>
  <testcase classname="TestCase1.WindowHandling" name="testHomePageLinks" time="0.975"/>
  <testcase classname="TestCase1.ProductSearchTest" name="testProductSearch" time="0.716"/>
  <testcase classname="TestCase1.LoginPageTest" name="testLogin" time="1.85"/>
  <testcase classname="TestCase1.LoginPageTest" name="testLogin" time="0.669"/>
  <testcase classname="TestCase1.FrameHandling" name="testHomePageLinks" time="1.032"/>
  <testcase classname="TestCase1.HomePageLinkTest" name="testHomePageLinks" time="1.226"/>
</testsuite> <!-- Test -->
